# JRE version: OpenJDK Runtime Environment Temurin-21.0.10+7 (21.0.10+7) (build 21.0.10+7-LTS)
# Java VM: OpenJDK 64-Bit Server VM Temurin-21.0.10+7 (21.0.10+7-LTS, mixed mode, sharing, tiered, compressed oops, compressed class ptrs, parallel gc, windows-amd64)
GC Precious Log:
 CardTable entry size: 512
 CPUs: 12 total, 12 available
 Memory: 7381M
 Large Page Support: Disabled
 NUMA Support: Disabled
 Compressed Oops: Enabled (32-bit)
 Alignments: Space 512K, Generation 512K, Heap 2M
 Heap Min Capacity: 100M
 Heap Initial Capacity: 100M
 Heap Max Capacity: 2G
 Pre-touch: Disabled
 Parallel Workers: 10
Heap:
 PSYoungGen      total 8192K, used 7695K [0x00000000d5580000, 0x00000000d6280000, 0x0000000100000000)
  eden space 7680K, 97% used [0x00000000d5580000,0x00000000d5ccbd30,0x00000000d5d00000)
  from space 512K, 43% used [0x00000000d6180000,0x00000000d61b8000,0x00000000d6200000)
  to   space 512K, 0% used [0x00000000d6200000,0x00000000d6200000,0x00000000d6280000)
 ParOldGen       total 822784K, used 822695K [0x0000000080000000, 0x00000000b2380000, 0x00000000d5580000)
  object space 822784K, 99% used [0x0000000080000000,0x00000000b2369da0,0x00000000b2380000)
 Metaspace       used 99433K, committed 101120K, reserved 1179648K
  class space    used 9891K, committed 10688K, reserved 1048576K
GC Heap History (20 events):
Event: 206382.916 GC heap before
{Heap before GC invocations=4062 (full 10):
 PSYoungGen      total 12288K, used 11770K [0x00000000d5580000, 0x00000000d6700000, 0x0000000100000000)
  eden space 6656K, 100% used [0x00000000d5580000,0x00000000d5c00000,0x00000000d5c00000)
  from space 5632K, 90% used [0x00000000d5c00000,0x00000000d60fe900,0x00000000d6180000)
  to   space 5632K, 0% used [0x00000000d6180000,0x00000000d6180000,0x00000000d6700000)
 ParOldGen       total 809984K, used 809496K [0x0000000080000000, 0x00000000b1700000, 0x00000000d5580000)
  object space 809984K, 99% used [0x0000000080000000,0x00000000b16861f0,0x00000000b1700000)
 Metaspace       used 99404K, committed 101120K, reserved 1179648K
  class space    used 9891K, committed 10688K, reserved 1048576K
}
Event: 206382.921 GC heap after
{Heap after GC invocations=4062 (full 10):
 PSYoungGen      total 7168K, used 308K [0x00000000d5580000, 0x00000000d6200000, 0x0000000100000000)
  eden space 6656K, 0% used [0x00000000d5580000,0x00000000d5580000,0x00000000d5c00000)
  from space 512K, 60% used [0x00000000d6180000,0x00000000d61cd200,0x00000000d6200000)
  to   space 2560K, 0% used [0x00000000d5d00000,0x00000000d5d00000,0x00000000d5f80000)
 ParOldGen       total 814592K, used 814156K [0x0000000080000000, 0x00000000b1b80000, 0x00000000d5580000)
  object space 814592K, 99% used [0x0000000080000000,0x00000000b1b133f0,0x00000000b1b80000)
 Metaspace       used 99404K, committed 101120K, reserved 1179648K
  class space    used 9891K, committed 10688K, reserved 1048576K
}
Event: 206382.937 GC heap before
{Heap before GC invocations=4063 (full 10):
 PSYoungGen      total 7168K, used 6964K [0x00000000d5580000, 0x00000000d6200000, 0x0000000100000000)
  eden space 6656K, 100% used [0x00000000d5580000,0x00000000d5c00000,0x00000000d5c00000)
  from space 512K, 60% used [0x00000000d6180000,0x00000000d61cd200,0x00000000d6200000)
  to   space 2560K, 0% used [0x00000000d5d00000,0x00000000d5d00000,0x00000000d5f80000)
 ParOldGen       total 814592K, used 814156K [0x0000000080000000, 0x00000000b1b80000, 0x00000000d5580000)
  object space 814592K, 99% used [0x0000000080000000,0x00000000b1b133f0,0x00000000b1b80000)
 Metaspace       used 99409K, committed 101120K, reserved 1179648K
  class space    used 9891K, committed 10688K, reserved 1048576K
}
Event: 206382.942 GC heap after
{Heap after GC invocations=4063 (full 10):
 PSYoungGen      total 9216K, used 2537K [0x00000000d5580000, 0x00000000d6b00000, 0x0000000100000000)
  eden space 6656K, 0% used [0x00000000d5580000,0x00000000d5580000,0x00000000d5c00000)
  from space 2560K, 99% used [0x00000000d5d00000,0x00000000d5f7a590,0x00000000d5f80000)
  to   space 7680K, 0% used [0x00000000d6380000,0x00000000d6380000,0x00000000d6b00000)
 ParOldGen       total 818176K, used 817817K [0x0000000080000000, 0x00000000b1f00000, 0x00000000d5580000)
  object space 818176K, 99% used [0x0000000080000000,0x00000000b1ea65f0,0x00000000b1f00000)
 Metaspace       used 99409K, committed 101120K, reserved 1179648K
  class space    used 9891K, committed 10688K, reserved 1048576K
}
Event: 206382.964 GC heap before
{Heap before GC invocations=4064 (full 10):
 PSYoungGen      total 9216K, used 9193K [0x00000000d5580000, 0x00000000d6b00000, 0x0000000100000000)
  eden space 6656K, 100% used [0x00000000d5580000,0x00000000d5c00000,0x00000000d5c00000)
  from space 2560K, 99% used [0x00000000d5d00000,0x00000000d5f7a590,0x00000000d5f80000)
  to   space 7680K, 0% used [0x00000000d6380000,0x00000000d6380000,0x00000000d6b00000)
 ParOldGen       total 818176K, used 817817K [0x0000000080000000, 0x00000000b1f00000, 0x00000000d5580000)
  object space 818176K, 99% used [0x0000000080000000,0x00000000b1ea65f0,0x00000000b1f00000)
 Metaspace       used 99418K, committed 101120K, reserved 1179648K
  class space    used 9891K, committed 10688K, reserved 1048576K
}
Event: 206382.969 GC heap after
{Heap after GC invocations=4064 (full 10):
 PSYoungGen      total 10752K, used 2938K [0x00000000d5580000, 0x00000000d6680000, 0x0000000100000000)
  eden space 7680K, 0% used [0x00000000d5580000,0x00000000d5580000,0x00000000d5d00000)
  from space 3072K, 95% used [0x00000000d6380000,0x00000000d665e900,0x00000000d6680000)
  to   space 4608K, 0% used [0x00000000d5d80000,0x00000000d5d80000,0x00000000d6200000)
 ParOldGen       total 820736K, used 820418K [0x0000000080000000, 0x00000000b2180000, 0x00000000d5580000)
  object space 820736K, 99% used [0x0000000080000000,0x00000000b2130b80,0x00000000b2180000)
 Metaspace       used 99418K, committed 101120K, reserved 1179648K
  class space    used 9891K, committed 10688K, reserved 1048576K
}
Event: 206383.121 GC heap before
{Heap before GC invocations=4065 (full 10):
 PSYoungGen      total 10752K, used 10618K [0x00000000d5580000, 0x00000000d6680000, 0x0000000100000000)
  eden space 7680K, 99% used [0x00000000d5580000,0x00000000d5cfffe8,0x00000000d5d00000)
  from space 3072K, 95% used [0x00000000d6380000,0x00000000d665e900,0x00000000d6680000)
  to   space 4608K, 0% used [0x00000000d5d80000,0x00000000d5d80000,0x00000000d6200000)
 ParOldGen       total 820736K, used 820418K [0x0000000080000000, 0x00000000b2180000, 0x00000000d5580000)
  object space 820736K, 99% used [0x0000000080000000,0x00000000b2130b80,0x00000000b2180000)
 Metaspace       used 99418K, committed 101120K, reserved 1179648K
  class space    used 9891K, committed 10688K, reserved 1048576K
}
Event: 206383.124 GC heap after
{Heap after GC invocations=4065 (full 10):
 PSYoungGen      total 12288K, used 842K [0x00000000d5580000, 0x00000000d6400000, 0x0000000100000000)
  eden space 7680K, 0% used [0x00000000d5580000,0x00000000d5580000,0x00000000d5d00000)
  from space 4608K, 18% used [0x00000000d5d80000,0x00000000d5e52930,0x00000000d6200000)
  to   space 2048K, 0% used [0x00000000d6200000,0x00000000d6200000,0x00000000d6400000)
 ParOldGen       total 822784K, used 822551K [0x0000000080000000, 0x00000000b2380000, 0x00000000d5580000)
  object space 822784K, 99% used [0x0000000080000000,0x00000000b2345d80,0x00000000b2380000)
 Metaspace       used 99418K, committed 101120K, reserved 1179648K
  class space    used 9891K, committed 10688K, reserved 1048576K
}
Event: 206386.404 GC heap before
{Heap before GC invocations=4066 (full 10):
 PSYoungGen      total 12288K, used 8522K [0x00000000d5580000, 0x00000000d6400000, 0x0000000100000000)
  eden space 7680K, 100% used [0x00000000d5580000,0x00000000d5d00000,0x00000000d5d00000)
  from space 4608K, 18% used [0x00000000d5d80000,0x00000000d5e52930,0x00000000d6200000)
  to   space 2048K, 0% used [0x00000000d6200000,0x00000000d6200000,0x00000000d6400000)
 ParOldGen       total 822784K, used 822551K [0x0000000080000000, 0x00000000b2380000, 0x00000000d5580000)
  object space 822784K, 99% used [0x0000000080000000,0x00000000b2345d80,0x00000000b2380000)
 Metaspace       used 99419K, committed 101120K, reserved 1179648K
  class space    used 9891K, committed 10688K, reserved 1048576K
}
Event: 206386.407 GC heap after
{Heap after GC invocations=4066 (full 10):
 PSYoungGen      total 8192K, used 288K [0x00000000d5580000, 0x00000000d6280000, 0x0000000100000000)
  eden space 7680K, 0% used [0x00000000d5580000,0x00000000d5580000,0x00000000d5d00000)
  from space 512K, 56% used [0x00000000d6200000,0x00000000d6248000,0x00000000d6280000)
  to   space 1024K, 0% used [0x00000000d6080000,0x00000000d6080000,0x00000000d6180000)
 ParOldGen       total 822784K, used 822671K [0x0000000080000000, 0x00000000b2380000, 0x00000000d5580000)
  object space 822784K, 99% used [0x0000000080000000,0x00000000b2363da0,0x00000000b2380000)
 Metaspace       used 99419K, committed 101120K, reserved 1179648K
  class space    used 9891K, committed 10688K, reserved 1048576K
}
Event: 215245.752 GC heap before
{Heap before GC invocations=4067 (full 10):
 PSYoungGen      total 8192K, used 7967K [0x00000000d5580000, 0x00000000d6280000, 0x0000000100000000)
  eden space 7680K, 99% used [0x00000000d5580000,0x00000000d5cfffe0,0x00000000d5d00000)
  from space 512K, 56% used [0x00000000d6200000,0x00000000d6248000,0x00000000d6280000)
  to   space 1024K, 0% used [0x00000000d6080000,0x00000000d6080000,0x00000000d6180000)
 ParOldGen       total 822784K, used 822671K [0x0000000080000000, 0x00000000b2380000, 0x00000000d5580000)
  object space 822784K, 99% used [0x0000000080000000,0x00000000b2363da0,0x00000000b2380000)
 Metaspace       used 99421K, committed 101120K, reserved 1179648K
  class space    used 9891K, committed 10688K, reserved 1048576K
}
Event: 215245.908 GC heap after
{Heap after GC invocations=4067 (full 10):
 PSYoungGen      total 8704K, used 224K [0x00000000d5580000, 0x00000000d6280000, 0x0000000100000000)
  eden space 7680K, 0% used [0x00000000d5580000,0x00000000d5580000,0x00000000d5d00000)
  from space 1024K, 21% used [0x00000000d6080000,0x00000000d60b8000,0x00000000d6180000)
  to   space 512K, 0% used [0x00000000d6200000,0x00000000d6200000,0x00000000d6280000)
 ParOldGen       total 822784K, used 822695K [0x0000000080000000, 0x00000000b2380000, 0x00000000d5580000)
  object space 822784K, 99% used [0x0000000080000000,0x00000000b2369da0,0x00000000b2380000)
 Metaspace       used 99421K, committed 101120K, reserved 1179648K
  class space    used 9891K, committed 10688K, reserved 1048576K
}
Event: 231300.764 GC heap before
{Heap before GC invocations=4068 (full 10):
 PSYoungGen      total 8704K, used 7904K [0x00000000d5580000, 0x00000000d6280000, 0x0000000100000000)
  eden space 7680K, 100% used [0x00000000d5580000,0x00000000d5d00000,0x00000000d5d00000)
  from space 1024K, 21% used [0x00000000d6080000,0x00000000d60b8000,0x00000000d6180000)
  to   space 512K, 0% used [0x00000000d6200000,0x00000000d6200000,0x00000000d6280000)
 ParOldGen       total 822784K, used 822695K [0x0000000080000000, 0x00000000b2380000, 0x00000000d5580000)
  object space 822784K, 99% used [0x0000000080000000,0x00000000b2369da0,0x00000000b2380000)
 Metaspace       used 99421K, committed 101120K, reserved 1179648K
  class space    used 9891K, committed 10688K, reserved 1048576K
}
Event: 231300.925 GC heap after
{Heap after GC invocations=4068 (full 10):
 PSYoungGen      total 8192K, used 160K [0x00000000d5580000, 0x00000000d6280000, 0x0000000100000000)
  eden space 7680K, 0% used [0x00000000d5580000,0x00000000d5580000,0x00000000d5d00000)
  from space 512K, 31% used [0x00000000d6200000,0x00000000d6228000,0x00000000d6280000)
  to   space 512K, 0% used [0x00000000d6180000,0x00000000d6180000,0x00000000d6200000)
 ParOldGen       total 822784K, used 822695K [0x0000000080000000, 0x00000000b2380000, 0x00000000d5580000)
  object space 822784K, 99% used [0x0000000080000000,0x00000000b2369da0,0x00000000b2380000)
 Metaspace       used 99421K, committed 101120K, reserved 1179648K
  class space    used 9891K, committed 10688K, reserved 1048576K
}
Event: 247540.757 GC heap before
{Heap before GC invocations=4069 (full 10):
 PSYoungGen      total 8192K, used 7840K [0x00000000d5580000, 0x00000000d6280000, 0x0000000100000000)
  eden space 7680K, 100% used [0x00000000d5580000,0x00000000d5d00000,0x00000000d5d00000)
  from space 512K, 31% used [0x00000000d6200000,0x00000000d6228000,0x00000000d6280000)
  to   space 512K, 0% used [0x00000000d6180000,0x00000000d6180000,0x00000000d6200000)
 ParOldGen       total 822784K, used 822695K [0x0000000080000000, 0x00000000b2380000, 0x00000000d5580000)
  object space 822784K, 99% used [0x0000000080000000,0x00000000b2369da0,0x00000000b2380000)
 Metaspace       used 99421K, committed 101120K, reserved 1179648K
  class space    used 9891K, committed 10688K, reserved 1048576K
}
Event: 247540.895 GC heap after
{Heap after GC invocations=4069 (full 10):
 PSYoungGen      total 8192K, used 224K [0x00000000d5580000, 0x00000000d6280000, 0x0000000100000000)
  eden space 7680K, 0% used [0x00000000d5580000,0x00000000d5580000,0x00000000d5d00000)
  from space 512K, 43% used [0x00000000d6180000,0x00000000d61b8000,0x00000000d6200000)
  to   space 512K, 0% used [0x00000000d6200000,0x00000000d6200000,0x00000000d6280000)
 ParOldGen       total 822784K, used 822695K [0x0000000080000000, 0x00000000b2380000, 0x00000000d5580000)
  object space 822784K, 99% used [0x0000000080000000,0x00000000b2369da0,0x00000000b2380000)
 Metaspace       used 99421K, committed 101120K, reserved 1179648K
  class space    used 9891K, committed 10688K, reserved 1048576K
}
Event: 263807.755 GC heap before
{Heap before GC invocations=4070 (full 10):
 PSYoungGen      total 8192K, used 7904K [0x00000000d5580000, 0x00000000d6280000, 0x0000000100000000)
  eden space 7680K, 100% used [0x00000000d5580000,0x00000000d5d00000,0x00000000d5d00000)
  from space 512K, 43% used [0x00000000d6180000,0x00000000d61b8000,0x00000000d6200000)
  to   space 512K, 0% used [0x00000000d6200000,0x00000000d6200000,0x00000000d6280000)
 ParOldGen       total 822784K, used 822695K [0x0000000080000000, 0x00000000b2380000, 0x00000000d5580000)
  object space 822784K, 99% used [0x0000000080000000,0x00000000b2369da0,0x00000000b2380000)
 Metaspace       used 99426K, committed 101120K, reserved 1179648K
  class space    used 9891K, committed 10688K, reserved 1048576K
}
Event: 263807.910 GC heap after
{Heap after GC invocations=4070 (full 10):
 PSYoungGen      total 8192K, used 192K [0x00000000d5580000, 0x00000000d6280000, 0x0000000100000000)
  eden space 7680K, 0% used [0x00000000d5580000,0x00000000d5580000,0x00000000d5d00000)
  from space 512K, 37% used [0x00000000d6200000,0x00000000d6230000,0x00000000d6280000)
  to   space 512K, 0% used [0x00000000d6180000,0x00000000d6180000,0x00000000d6200000)
 ParOldGen       total 822784K, used 822695K [0x0000000080000000, 0x00000000b2380000, 0x00000000d5580000)
  object space 822784K, 99% used [0x0000000080000000,0x00000000b2369da0,0x00000000b2380000)
 Metaspace       used 99426K, committed 101120K, reserved 1179648K
  class space    used 9891K, committed 10688K, reserved 1048576K
}
Event: 277885.742 GC heap before
{Heap before GC invocations=4071 (full 10):
 PSYoungGen      total 8192K, used 7872K [0x00000000d5580000, 0x00000000d6280000, 0x0000000100000000)
  eden space 7680K, 100% used [0x00000000d5580000,0x00000000d5d00000,0x00000000d5d00000)
  from space 512K, 37% used [0x00000000d6200000,0x00000000d6230000,0x00000000d6280000)
  to   space 512K, 0% used [0x00000000d6180000,0x00000000d6180000,0x00000000d6200000)
 ParOldGen       total 822784K, used 822695K [0x0000000080000000, 0x00000000b2380000, 0x00000000d5580000)
  object space 822784K, 99% used [0x0000000080000000,0x00000000b2369da0,0x00000000b2380000)
 Metaspace       used 99427K, committed 101120K, reserved 1179648K
  class space    used 9891K, committed 10688K, reserved 1048576K
}
Event: 277885.891 GC heap after
{Heap after GC invocations=4071 (full 10):
 PSYoungGen      total 8192K, used 224K [0x00000000d5580000, 0x00000000d6280000, 0x0000000100000000)
  eden space 7680K, 0% used [0x00000000d5580000,0x00000000d5580000,0x00000000d5d00000)
  from space 512K, 43% used [0x00000000d6180000,0x00000000d61b8000,0x00000000d6200000)
  to   space 512K, 0% used [0x00000000d6200000,0x00000000d6200000,0x00000000d6280000)
 ParOldGen       total 822784K, used 822695K [0x0000000080000000, 0x00000000b2380000, 0x00000000d5580000)
  object space 822784K, 99% used [0x0000000080000000,0x00000000b2369da0,0x00000000b2380000)
 Metaspace       used 99427K, committed 101120K, reserved 1179648K
  class space    used 9891K, committed 10688K, reserved 1048576K
}

